<?xml version="1.0" encoding="UTF-8"?>
<!-- Generated by org.testng.reporters.JUnitXMLReporter -->
<testsuite hostname="DESKTOP-6EQ85LQ" failures="1" tests="1" name="Command line test" time="6.093" errors="0" timestamp="23 Jul 2022 16:11:34 GMT">
  <testcase classname="test.com.Facebooktest" name="testFacebook" time="4.018">
    <failure type="org.openqa.selenium.NoSuchElementException" message="Unable to find element with locator By.xpath: (.//*[normalize-space(text()) and normalize-space(.)=&amp;apos;Create New Account&amp;apos;])[1]/following::span[3]
For documentation on this error, please visit: https://selenium.dev/exceptions/#no_such_element
Build info: version: &amp;apos;4.3.0&amp;apos;, revision: &amp;apos;a4995e2c09*&amp;apos;
System info: host: &amp;apos;DESKTOP-6EQ85LQ&amp;apos;, ip: &amp;apos;10.1.10.99&amp;apos;, os.name: &amp;apos;Windows 10&amp;apos;, os.arch: &amp;apos;amd64&amp;apos;, os.version: &amp;apos;10.0&amp;apos;, java.version: &amp;apos;17.0.2&amp;apos;
Driver info: driver.version: RemoteWebDriver">
      <![CDATA[org.openqa.selenium.NoSuchElementException: Unable to find element with locator By.xpath: (.//*[normalize-space(text()) and normalize-space(.)='Create New Account'])[1]/following::span[3]
For documentation on this error, please visit: https://selenium.dev/exceptions/#no_such_element
Build info: version: '4.3.0', revision: 'a4995e2c09*'
System info: host: 'DESKTOP-6EQ85LQ', ip: '10.1.10.99', os.name: 'Windows 10', os.arch: 'amd64', os.version: '10.0', java.version: '17.0.2'
Driver info: driver.version: RemoteWebDriver
	at org.openqa.selenium.remote.ElementLocation$ElementFinder$2.findElement(ElementLocation.java:165)
	at org.openqa.selenium.remote.ElementLocation.findElement(ElementLocation.java:60)
	at org.openqa.selenium.remote.RemoteWebDriver.findElement(RemoteWebDriver.java:387)
	at org.openqa.selenium.remote.RemoteWebDriver.findElement(RemoteWebDriver.java:379)
	at test.com.Facebooktest.testFacebook(Facebooktest.java:63)
... Removed 33 stack frames]]>
    </failure>
  </testcase> <!-- testFacebook -->
</testsuite> <!-- Command line test -->
